{
  "RSpec": {
    "coverage": {
      "/Users/rafaeljesus/agile2go/config/environment.rb": [
        1,
        null,
        1
      ],
      "/Users/rafaeljesus/agile2go/config/application.rb": [
        1,
        null,
        1,
        null,
        1,
        null,
        1,
        1,
        1,
        1,
        1,
        1,
        1,
        1,
        1,
        1,
        1,
        1,
        1,
        null,
        1,
        1,
        null,
        null
      ],
      "/Users/rafaeljesus/agile2go/config/boot.rb": [
        null,
        1,
        null,
        1
      ],
      "/Users/rafaeljesus/agile2go/config/environments/test.rb": [
        1,
        null,
        null,
        null,
        null,
        null,
        null,
        1,
        null,
        null,
        null,
        null,
        1,
        null,
        null,
        1,
        1,
        null,
        null,
        1,
        1,
        null,
        null,
        1,
        null,
        null,
        1,
        null,
        null,
        null,
        null,
        1,
        null,
        null,
        1,
        null
      ],
      "/Users/rafaeljesus/agile2go/config/initializers/backtrace_silencers.rb": [
        null,
        null,
        null,
        null,
        null,
        null,
        null
      ],
      "/Users/rafaeljesus/agile2go/config/initializers/database_connection.rb": [
        1,
        1,
        null,
        1,
        1,
        1,
        1,
        1,
        1,
        null,
        null,
        null
      ],
      "/Users/rafaeljesus/agile2go/config/initializers/filter_parameter_logging.rb": [
        null,
        null,
        null,
        1
      ],
      "/Users/rafaeljesus/agile2go/config/initializers/inflections.rb": [
        null,
        null,
        null,
        null,
        null,
        null,
        null,
        null,
        null,
        null,
        null,
        null,
        null,
        null,
        null,
        null
      ],
      "/Users/rafaeljesus/agile2go/config/initializers/mime_types.rb": [
        null,
        null,
        null,
        null,
        null
      ],
      "/Users/rafaeljesus/agile2go/config/initializers/omniauth.rb": [
        1,
        null,
        1,
        1,
        1,
        1,
        1,
        null,
        null
      ],
      "/Users/rafaeljesus/agile2go/config/initializers/rolify.rb": [
        1,
        null,
        null,
        null,
        null,
        null,
        null,
        null
      ],
      "/Users/rafaeljesus/agile2go/app/models/role.rb": [
        1,
        1,
        1,
        1,
        null
      ],
      "/Users/rafaeljesus/agile2go/config/initializers/secret_token.rb": [
        null,
        null,
        null,
        null,
        null,
        null,
        null,
        null,
        null,
        null,
        null,
        1
      ],
      "/Users/rafaeljesus/agile2go/config/initializers/session_store.rb": [
        null,
        1
      ],
      "/Users/rafaeljesus/agile2go/config/initializers/wrap_parameters.rb": [
        null,
        null,
        null,
        null,
        null,
        null,
        1,
        1,
        null,
        null,
        null,
        null,
        null,
        null
      ],
      "/Users/rafaeljesus/agile2go/spec/factories/assignments.rb": [
        1,
        1,
        1,
        1,
        null,
        null
      ],
      "/Users/rafaeljesus/agile2go/spec/factories/projects.rb": [
        1,
        1,
        2,
        2,
        1,
        null,
        null
      ],
      "/Users/rafaeljesus/agile2go/spec/factories/sprints.rb": [
        1,
        1,
        1,
        1,
        1,
        1,
        1,
        1,
        null,
        null
      ],
      "/Users/rafaeljesus/agile2go/spec/factories/tasks.rb": [
        1,
        1,
        1,
        1,
        1,
        1,
        1,
        1,
        null,
        null
      ],
      "/Users/rafaeljesus/agile2go/spec/factories/users.rb": [
        1,
        1,
        2,
        2,
        1,
        1,
        null,
        null
      ],
      "/Users/rafaeljesus/agile2go/config/routes.rb": [
        1,
        null,
        1,
        1,
        1,
        1,
        1,
        1,
        null,
        1,
        1,
        null,
        1,
        null
      ],
      "/Users/rafaeljesus/agile2go/app/helpers/application_helper.rb": [
        1,
        null,
        1,
        98,
        0,
        null,
        98,
        null,
        null,
        null,
        null
      ],
      "/Users/rafaeljesus/agile2go/app/helpers/home_helper.rb": [
        1,
        null
      ],
      "/Users/rafaeljesus/agile2go/app/helpers/users_helper.rb": [
        1,
        null
      ],
      "/Users/rafaeljesus/agile2go/spec/support/capybara_driver.rb": [
        1
      ],
      "/Users/rafaeljesus/agile2go/spec/support/database_cleaner.rb": [
        1,
        1,
        1,
        null,
        null,
        1,
        75,
        null,
        null,
        1,
        31,
        31,
        null,
        null,
        1,
        75,
        null,
        null,
        1,
        75,
        null,
        null
      ],
      "/Users/rafaeljesus/agile2go/spec/support/features/project_helpers.rb": [
        1,
        1,
        null,
        1,
        1,
        1,
        null,
        null,
        1,
        1,
        1,
        1,
        1,
        null,
        null,
        1,
        1,
        1,
        1,
        null,
        null,
        1,
        1,
        4,
        4,
        4,
        4,
        4,
        4,
        4,
        4,
        null,
        null,
        1,
        0,
        null,
        null,
        null,
        null
      ],
      "/Users/rafaeljesus/agile2go/spec/support/features/session_helpers.rb": [
        1,
        1,
        null,
        1,
        18,
        18,
        null,
        null,
        1,
        1,
        1,
        null,
        null,
        1,
        24,
        24,
        24,
        24,
        24,
        null,
        null,
        1,
        5,
        5,
        5,
        5,
        5,
        5,
        5,
        null,
        null,
        null
      ],
      "/Users/rafaeljesus/agile2go/spec/support/features/sprint_helpers.rb": [
        1,
        1,
        null,
        1,
        0,
        0,
        null,
        null,
        1,
        1,
        1,
        1,
        null,
        null,
        1,
        1,
        1,
        1,
        null,
        null,
        1,
        1,
        4,
        4,
        4,
        4,
        4,
        4,
        4,
        4,
        null,
        null,
        1,
        0,
        null,
        null,
        null,
        null
      ],
      "/Users/rafaeljesus/agile2go/spec/support/features/task_helpers.rb": [
        1,
        1,
        null,
        1,
        1,
        1,
        null,
        null,
        1,
        2,
        2,
        2,
        null,
        null,
        1,
        0,
        0,
        0,
        null,
        null,
        1,
        1,
        3,
        3,
        3,
        3,
        3,
        3,
        3,
        3,
        null,
        null,
        1,
        15,
        null,
        null,
        null,
        null
      ],
      "/Users/rafaeljesus/agile2go/spec/support/features.rb": [
        1,
        1,
        1,
        1,
        1,
        null
      ],
      "/Users/rafaeljesus/agile2go/spec/features/create_new_sprint_spec.rb": [
        1,
        null,
        1,
        1,
        null,
        null,
        null,
        null,
        null,
        null,
        1,
        1,
        1,
        1,
        1,
        null,
        null,
        1,
        1,
        1,
        1,
        1,
        null,
        null,
        1,
        1,
        1,
        1,
        1,
        null,
        null,
        1,
        1,
        1,
        1,
        1,
        null,
        null,
        1,
        null,
        null,
        null
      ],
      "/Users/rafaeljesus/agile2go/spec/features/create_new_task_spec.rb": [
        1,
        null,
        1,
        1,
        1,
        1,
        1,
        null,
        null,
        1,
        1,
        1,
        1,
        1,
        null,
        null,
        1,
        1,
        1,
        1,
        1,
        null,
        null,
        1,
        null,
        null,
        null
      ],
      "/Users/rafaeljesus/agile2go/spec/features/delete_project_spec.rb": [
        1,
        null,
        1,
        1,
        1,
        1,
        1,
        1,
        null,
        null
      ],
      "/Users/rafaeljesus/agile2go/spec/features/delete_sprint_spec.rb": [
        1,
        null,
        1,
        1,
        1,
        1,
        1,
        1,
        null,
        null
      ],
      "/Users/rafaeljesus/agile2go/spec/features/delete_task_spec.rb": [
        1,
        null,
        1,
        1,
        null,
        null,
        null,
        null,
        null,
        null
      ],
      "/Users/rafaeljesus/agile2go/spec/features/edit_existing_project_spec.rb": [
        1,
        null,
        1,
        1,
        1,
        1,
        1,
        1,
        null,
        null
      ],
      "/Users/rafaeljesus/agile2go/spec/features/edit_existing_sprint_spec.rb": [
        1,
        null,
        1,
        1,
        1,
        1,
        1,
        1,
        null,
        null
      ],
      "/Users/rafaeljesus/agile2go/spec/features/edit_existing_task_spec.rb": [
        1,
        null,
        1,
        1,
        1,
        1,
        1,
        1,
        null,
        null
      ],
      "/Users/rafaeljesus/agile2go/spec/features/generate_dashboard_spec.rb": [
        1,
        null,
        1,
        1,
        1,
        1,
        1,
        1,
        1,
        null,
        null
      ],
      "/Users/rafaeljesus/agile2go/spec/features/sync_tasks_spec.rb": [
        1,
        null,
        1,
        null,
        1,
        1,
        1,
        1,
        1,
        null,
        null,
        1,
        null,
        null,
        null,
        null,
        null,
        null,
        null,
        null,
        null,
        null,
        null,
        1,
        1,
        1,
        1,
        null,
        1,
        1,
        1,
        1,
        1,
        null,
        1,
        1,
        1,
        1,
        1,
        1,
        null,
        null,
        1,
        3,
        null,
        null,
        1,
        1,
        1,
        1,
        1,
        null,
        0,
        0,
        null,
        null,
        null,
        null
      ],
      "/Users/rafaeljesus/agile2go/spec/features/user_registration_spec.rb": [
        1,
        null,
        1,
        1,
        1,
        1,
        null,
        null,
        1,
        1,
        1,
        1,
        null,
        null,
        1,
        1,
        1,
        1,
        null,
        null,
        1,
        1,
        1,
        1,
        null,
        null,
        1,
        1,
        1,
        1,
        null,
        null,
        null
      ],
      "/Users/rafaeljesus/agile2go/spec/features/user_session_spec.rb": [
        1,
        null,
        1,
        1,
        1,
        1,
        null,
        null,
        1,
        1,
        1,
        null,
        null,
        1,
        1,
        1,
        null,
        null,
        1,
        1,
        1,
        null,
        null
      ],
      "/Users/rafaeljesus/agile2go/spec/models/assignment_spec.rb": [
        1,
        null,
        1,
        2,
        2,
        2,
        2,
        null,
        null
      ],
      "/Users/rafaeljesus/agile2go/app/models/assignment.rb": [
        1,
        1,
        1,
        null
      ],
      "/Users/rafaeljesus/agile2go/spec/models/project_spec.rb": [
        1,
        null,
        1,
        2,
        2,
        2,
        2,
        null,
        2,
        2,
        2,
        2,
        2,
        2,
        null,
        1,
        1,
        1,
        1,
        null,
        null,
        1,
        1,
        1,
        1,
        null,
        null,
        1,
        1,
        1,
        1,
        null,
        null,
        1,
        1,
        1,
        1,
        null,
        null
      ],
      "/Users/rafaeljesus/agile2go/app/models/project.rb": [
        1,
        1,
        1,
        1,
        1,
        1,
        null,
        1,
        null,
        1,
        1,
        null,
        1,
        80,
        80,
        52,
        null,
        80,
        null,
        null,
        1,
        0,
        null,
        null
      ],
      "/Users/rafaeljesus/agile2go/spec/models/sprint_spec.rb": [
        1,
        null,
        1,
        2,
        2,
        2,
        2,
        2,
        2,
        2,
        null
      ],
      "/Users/rafaeljesus/agile2go/app/models/sprint.rb": [
        1,
        1,
        1,
        1,
        null,
        1,
        null
      ],
      "/Users/rafaeljesus/agile2go/spec/models/task_spec.rb": [
        1,
        null,
        1,
        2,
        2,
        2,
        2,
        2,
        null
      ],
      "/Users/rafaeljesus/agile2go/app/models/task.rb": [
        1,
        1,
        1,
        null,
        1,
        1,
        1,
        null,
        1,
        1,
        1,
        1,
        null,
        1,
        null,
        1,
        1,
        null,
        7,
        null,
        1,
        0,
        0,
        0,
        0,
        0,
        0,
        null,
        0,
        null,
        null,
        null,
        0,
        0,
        null,
        null,
        null
      ],
      "/Users/rafaeljesus/agile2go/lib/backbone_sync.rb": [
        1,
        1,
        1,
        1,
        2,
        null,
        null,
        1,
        8,
        null,
        null,
        1,
        0,
        null,
        null,
        null,
        null
      ],
      "/Users/rafaeljesus/agile2go/spec/models/user_session_spec.rb": [
        1,
        null,
        1,
        null,
        2,
        2,
        null,
        1,
        1,
        1,
        1,
        1,
        1,
        null,
        null,
        1,
        1,
        1,
        1,
        1,
        1,
        null,
        null,
        1,
        1,
        1,
        1,
        null,
        null,
        1,
        1,
        1,
        1,
        1,
        null,
        null,
        1,
        1,
        1,
        1,
        1,
        null,
        null,
        1,
        null,
        null,
        null,
        null,
        null,
        null,
        null,
        null,
        null,
        null,
        null,
        3,
        null,
        null
      ],
      "/Users/rafaeljesus/agile2go/app/models/user_session.rb": [
        1,
        1,
        1,
        1,
        1,
        null,
        1,
        1,
        null,
        1,
        121,
        null,
        null,
        1,
        24,
        24,
        null,
        null,
        1,
        3,
        3,
        null,
        null,
        1,
        21,
        null,
        null,
        1,
        67,
        38,
        null,
        null,
        1,
        32,
        null,
        null,
        1,
        1,
        null,
        null,
        1,
        null,
        1,
        27,
        25,
        null,
        2,
        2,
        null,
        null,
        null,
        null
      ],
      "/Users/rafaeljesus/agile2go/spec/models/user_spec.rb": [
        1,
        null,
        1,
        1,
        1,
        1,
        1,
        1,
        1,
        null,
        null,
        2,
        2,
        2,
        2,
        2,
        2,
        null,
        null
      ],
      "/Users/rafaeljesus/agile2go/app/models/user.rb": [
        1,
        1,
        null,
        1,
        1,
        1,
        null,
        1,
        1,
        1,
        1,
        null,
        1,
        null,
        1,
        24,
        null,
        null,
        1,
        3,
        3,
        null,
        null,
        1,
        3,
        3,
        3,
        3,
        3,
        3,
        3,
        null,
        null,
        null,
        1,
        3,
        0,
        null,
        null,
        1,
        1,
        null,
        null,
        1,
        38,
        null,
        null,
        1,
        38,
        null,
        null,
        null
      ],
      "/Users/rafaeljesus/agile2go/app/controllers/home_controller.rb": [
        1,
        1,
        null,
        null
      ],
      "/Users/rafaeljesus/agile2go/app/controllers/application_controller.rb": [
        1,
        1,
        1,
        1,
        null,
        1,
        94,
        null,
        null
      ],
      "/Users/rafaeljesus/agile2go/app/controllers/current_user_controller.rb": [
        1,
        1,
        null,
        1,
        28,
        null,
        null
      ],
      "/Users/rafaeljesus/agile2go/app/models/current_user.rb": [
        1,
        1,
        null,
        1,
        28,
        28,
        28,
        null,
        null
      ],
      "/Users/rafaeljesus/agile2go/app/controllers/user_sessions_controller.rb": [
        1,
        1,
        1,
        null,
        1,
        22,
        22,
        22,
        null,
        null,
        1,
        0,
        0,
        0,
        0,
        0,
        null,
        0,
        null,
        null,
        null,
        1,
        0,
        0,
        0,
        null,
        0,
        null,
        null,
        null,
        1,
        null,
        null,
        null,
        null,
        0,
        null,
        null,
        1,
        0,
        0,
        null,
        null,
        1,
        1,
        0,
        null,
        null,
        null
      ],
      "/Users/rafaeljesus/agile2go/app/controllers/dashboard_controller.rb": [
        1,
        1,
        null,
        1,
        19,
        19,
        19,
        76,
        null,
        null,
        null,
        76,
        null,
        19,
        null,
        null,
        null
      ],
      "/Users/rafaeljesus/agile2go/app/controllers/projects_controller.rb": [
        1,
        1,
        1,
        null,
        1,
        8,
        null,
        null,
        1,
        1,
        null,
        null,
        1,
        1,
        1,
        1,
        null,
        null,
        1,
        1,
        1,
        null,
        null,
        1,
        1,
        1,
        null,
        null,
        1,
        1,
        3,
        null,
        null,
        1,
        2,
        null,
        null
      ],
      "/Users/rafaeljesus/agile2go/app/serializers/project_serializer.rb": [
        1,
        1,
        1,
        null
      ],
      "/Users/rafaeljesus/agile2go/app/models/ability.rb": [
        1,
        1,
        null,
        1,
        1,
        1,
        1,
        null,
        0,
        null,
        null,
        null
      ],
      "/Users/rafaeljesus/agile2go/app/controllers/users_controller.rb": [
        1,
        1,
        1,
        null,
        1,
        10,
        10,
        null,
        null,
        1,
        0,
        null,
        null,
        1,
        1,
        1,
        1,
        null,
        null,
        1,
        0,
        0,
        null,
        null,
        1,
        0,
        0,
        null,
        null,
        1,
        1,
        0,
        null,
        null,
        1,
        1,
        null,
        null
      ],
      "/Users/rafaeljesus/agile2go/app/serializers/user_serializer.rb": [
        1,
        1,
        1,
        null
      ],
      "/Users/rafaeljesus/agile2go/app/serializers/assignment_serializer.rb": [
        1,
        1,
        1,
        null
      ],
      "/Users/rafaeljesus/agile2go/app/controllers/sprints_controller.rb": [
        1,
        1,
        1,
        null,
        1,
        7,
        null,
        null,
        1,
        1,
        null,
        null,
        1,
        0,
        0,
        0,
        null,
        null,
        1,
        1,
        1,
        null,
        null,
        1,
        0,
        0,
        null,
        null,
        1,
        1,
        2,
        null,
        null,
        1,
        1,
        null,
        null
      ],
      "/Users/rafaeljesus/agile2go/app/serializers/sprint_serializer.rb": [
        1,
        1,
        1,
        null
      ],
      "/Users/rafaeljesus/agile2go/app/controllers/tasks_controller.rb": [
        1,
        1,
        1,
        null,
        1,
        6,
        null,
        null,
        1,
        2,
        null,
        null,
        1,
        1,
        1,
        1,
        null,
        null,
        1,
        2,
        2,
        null,
        null,
        1,
        0,
        0,
        null,
        null,
        1,
        0,
        null,
        null,
        1,
        1,
        4,
        null,
        null,
        1,
        null,
        null,
        3,
        null,
        null
      ],
      "/Users/rafaeljesus/agile2go/app/models/user_assignment.rb": [
        1,
        1,
        1,
        null
      ],
      "/Users/rafaeljesus/agile2go/app/models/event.rb": [
        1,
        null,
        1,
        1,
        10,
        10,
        null,
        null,
        1,
        10,
        null,
        null,
        1,
        1,
        10,
        null,
        null,
        1,
        10,
        0,
        null,
        10,
        null,
        null,
        null,
        1,
        10,
        null,
        null,
        1,
        10,
        null,
        null,
        1,
        10,
        null,
        null
      ],
      "/Users/rafaeljesus/agile2go/app/serializers/task_serializer.rb": [
        1,
        1,
        1,
        1,
        null
      ]
    },
    "timestamp": 1408502854
  }
}
