{
  "RSpec": {
    "coverage": {
      "/Users/rafaeljesus/agile2go/config/environment.rb": [
        1,
        null,
        1
      ],
      "/Users/rafaeljesus/agile2go/config/application.rb": [
        1,
        null,
        1,
        null,
        1,
        null,
        1,
        1,
        1,
        1,
        1,
        1,
        1,
        1,
        1,
        1,
        1,
        1,
        1,
        null,
        1,
        1,
        null,
        null
      ],
      "/Users/rafaeljesus/agile2go/config/boot.rb": [
        null,
        1,
        null,
        1
      ],
      "/Users/rafaeljesus/agile2go/config/environments/test.rb": [
        1,
        null,
        null,
        null,
        null,
        null,
        null,
        1,
        null,
        null,
        null,
        null,
        1,
        null,
        null,
        1,
        1,
        null,
        null,
        1,
        1,
        null,
        null,
        1,
        null,
        null,
        1,
        null,
        null,
        null,
        null,
        1,
        null,
        null,
        1,
        null
      ],
      "/Users/rafaeljesus/agile2go/config/initializers/backtrace_silencers.rb": [
        null,
        null,
        null,
        null,
        null,
        null,
        null
      ],
      "/Users/rafaeljesus/agile2go/config/initializers/database_connection.rb": [
        1,
        1,
        null,
        1,
        1,
        1,
        1,
        1,
        1,
        null,
        null,
        null
      ],
      "/Users/rafaeljesus/agile2go/config/initializers/filter_parameter_logging.rb": [
        null,
        null,
        null,
        1
      ],
      "/Users/rafaeljesus/agile2go/config/initializers/inflections.rb": [
        null,
        null,
        null,
        null,
        null,
        null,
        null,
        null,
        null,
        null,
        null,
        null,
        null,
        null,
        null,
        null
      ],
      "/Users/rafaeljesus/agile2go/config/initializers/mime_types.rb": [
        null,
        null,
        null,
        null,
        null
      ],
      "/Users/rafaeljesus/agile2go/config/initializers/omniauth.rb": [
        1,
        null,
        1,
        1,
        1,
        1,
        1,
        null,
        null
      ],
      "/Users/rafaeljesus/agile2go/config/initializers/rolify.rb": [
        1,
        null,
        null,
        null,
        null,
        null,
        null,
        null
      ],
      "/Users/rafaeljesus/agile2go/app/models/role.rb": [
        1,
        1,
        1,
        1,
        null
      ],
      "/Users/rafaeljesus/agile2go/config/initializers/secret_token.rb": [
        null,
        null,
        null,
        null,
        null,
        null,
        null,
        null,
        null,
        null,
        null,
        1
      ],
      "/Users/rafaeljesus/agile2go/config/initializers/session_store.rb": [
        null,
        1
      ],
      "/Users/rafaeljesus/agile2go/config/initializers/wrap_parameters.rb": [
        null,
        null,
        null,
        null,
        null,
        null,
        1,
        1,
        null,
        null,
        null,
        null,
        null,
        null
      ],
      "/Users/rafaeljesus/agile2go/spec/factories/assignments.rb": [
        1,
        1,
        1,
        1,
        null,
        null
      ],
      "/Users/rafaeljesus/agile2go/spec/factories/projects.rb": [
        1,
        1,
        1,
        1,
        1,
        null,
        null
      ],
      "/Users/rafaeljesus/agile2go/spec/factories/sprints.rb": [
        1,
        1,
        1,
        1,
        1,
        1,
        1,
        1,
        null,
        null
      ],
      "/Users/rafaeljesus/agile2go/spec/factories/tasks.rb": [
        1,
        1,
        1,
        1,
        1,
        1,
        1,
        1,
        null,
        null
      ],
      "/Users/rafaeljesus/agile2go/spec/factories/users.rb": [
        1,
        1,
        1,
        1,
        1,
        1,
        null,
        null
      ],
      "/Users/rafaeljesus/agile2go/config/routes.rb": [
        1,
        null,
        1,
        1,
        1,
        1,
        1,
        1,
        null,
        1,
        1,
        null,
        1,
        null
      ]
    },
    "timestamp": 1408420260
  }
}
